FILE_TYPE=LIBRARY_PARTS;
PRIMITIVE 'L78M06CDT_TR','L78M06CDT_TR_TO-XXX (Inc. DPAK)';
  PIN
    'INPUT':
      PIN_NUMBER='(1)';
      NO_LOAD_CHECK=BOTH;
      NO_IO_CHECK=BOTH;
      ALLOW_CONNECT=TRUE;
      PINUSE='INPUT';
    'OUTPUT':
      PIN_NUMBER='(3)';
      NO_LOAD_CHECK=BOTH;
      NO_IO_CHECK=BOTH;
      ALLOW_CONNECT=TRUE;
      PINUSE='GROUND';
    'GND_(THERMALPAD)':
      PIN_NUMBER='(4)';
      NO_LOAD_CHECK=BOTH;
      NO_IO_CHECK=BOTH;
      ALLOW_CONNECT=TRUE;
      PINUSE='GROUND';
  END_PIN;
  BODY
    PART_NAME='L78M06CDT_TR';
    PHYS_DES_PREFIX='IC';
    NO_LOAD_CHECK='TRUE';
    PIN_COUNT='3';
    BODY_NAME='L78M06CDT_TR';
    JEDEC_TYPE='TO228P972X240-3N';
  END_BODY;
END_PRIMITIVE;
END.
